12:18:04.501 DEBUG [RequestAddCookies]  CookieSpec selected: default
12:18:04.512 DEBUG [RequestAuthCache]  Auth cache not set in the context
12:18:04.514 DEBUG [PoolingHttpClientConnectionManager]  Connection request: [route: {}->http://node.ambisafe.co:80][total kept alive: 0; route allocated: 0 of 2; total allocated: 0 of 20]
12:18:04.537 DEBUG [PoolingHttpClientConnectionManager]  Connection leased: [id: 0][route: {}->http://node.ambisafe.co:80][total kept alive: 0; route allocated: 1 of 2; total allocated: 1 of 20]
12:18:04.541 DEBUG [MainClientExec]  Opening connection {}->http://node.ambisafe.co:80
12:18:04.585 DEBUG [DefaultHttpClientConnectionOperator]  Connecting to node.ambisafe.co/104.197.76.247:80
12:18:04.833 DEBUG [DefaultHttpClientConnectionOperator]  Connection established 192.168.0.105:57158<->104.197.76.247:80
12:18:04.833 DEBUG [MainClientExec]  Executing request POST / HTTP/1.1
12:18:04.833 DEBUG [MainClientExec]  Target auth state: UNCHALLENGED
12:18:04.834 DEBUG [MainClientExec]  Proxy auth state: UNCHALLENGED
12:18:04.837 DEBUG [headers]  http-outgoing-0 >> POST / HTTP/1.1
12:18:04.837 DEBUG [headers]  http-outgoing-0 >> Content-Length: 115
12:18:04.837 DEBUG [headers]  http-outgoing-0 >> Content-Type: application/json
12:18:04.839 DEBUG [headers]  http-outgoing-0 >> Host: node.ambisafe.co
12:18:04.839 DEBUG [headers]  http-outgoing-0 >> Connection: Keep-Alive
12:18:04.839 DEBUG [headers]  http-outgoing-0 >> User-Agent: Apache-HttpClient/4.5.2 (Java/1.8.0_111)
12:18:04.840 DEBUG [headers]  http-outgoing-0 >> Accept-Encoding: gzip,deflate
12:18:04.840 DEBUG [wire]  http-outgoing-0 >> "POST / HTTP/1.1[\r][\n]"
12:18:04.840 DEBUG [wire]  http-outgoing-0 >> "Content-Length: 115[\r][\n]"
12:18:04.840 DEBUG [wire]  http-outgoing-0 >> "Content-Type: application/json[\r][\n]"
12:18:04.840 DEBUG [wire]  http-outgoing-0 >> "Host: node.ambisafe.co[\r][\n]"
12:18:04.841 DEBUG [wire]  http-outgoing-0 >> "Connection: Keep-Alive[\r][\n]"
12:18:04.841 DEBUG [wire]  http-outgoing-0 >> "User-Agent: Apache-HttpClient/4.5.2 (Java/1.8.0_111)[\r][\n]"
12:18:04.841 DEBUG [wire]  http-outgoing-0 >> "Accept-Encoding: gzip,deflate[\r][\n]"
12:18:04.842 DEBUG [wire]  http-outgoing-0 >> "[\r][\n]"
12:18:04.842 DEBUG [wire]  http-outgoing-0 >> "{"method":"eth_getTransactionCount","id":1,"jsonrpc":"2.0","params":["0xa085e2f5b4d6e8e611853ad585a1b6c444116ce2"]}"
12:18:05.040 DEBUG [wire]  http-outgoing-0 << "HTTP/1.1 200 OK[\r][\n]"
12:18:05.040 DEBUG [wire]  http-outgoing-0 << "Content-Type: application/json[\r][\n]"
12:18:05.040 DEBUG [wire]  http-outgoing-0 << "Allow: OPTIONS, POST[\r][\n]"
12:18:05.041 DEBUG [wire]  http-outgoing-0 << "Date: Wed, 09 Nov 2016 10:18:04 GMT[\r][\n]"
12:18:05.041 DEBUG [wire]  http-outgoing-0 << "Transfer-Encoding: chunked[\r][\n]"
12:18:05.041 DEBUG [wire]  http-outgoing-0 << "Access-Control-Allow-Credentials: true[\r][\n]"
12:18:05.041 DEBUG [wire]  http-outgoing-0 << "Access-Control-Allow-Origin: [\r][\n]"
12:18:05.041 DEBUG [wire]  http-outgoing-0 << "Access-Control-Allow-Headers: Content-Type, Access-Control-Allow-Headers, Authorization, X-Requested-With[\r][\n]"
12:18:05.041 DEBUG [wire]  http-outgoing-0 << "[\r][\n]"
12:18:05.041 DEBUG [wire]  http-outgoing-0 << "28[\r][\n]"
12:18:05.041 DEBUG [wire]  http-outgoing-0 << "{"jsonrpc":"2.0","result":"0x05","id":1}[\r][\n]"
12:18:05.041 DEBUG [wire]  http-outgoing-0 << "0[\r][\n]"
12:18:05.041 DEBUG [wire]  http-outgoing-0 << "[\r][\n]"
12:18:05.044 DEBUG [headers]  http-outgoing-0 << HTTP/1.1 200 OK
12:18:05.044 DEBUG [headers]  http-outgoing-0 << Content-Type: application/json
12:18:05.044 DEBUG [headers]  http-outgoing-0 << Allow: OPTIONS, POST
12:18:05.044 DEBUG [headers]  http-outgoing-0 << Date: Wed, 09 Nov 2016 10:18:04 GMT
12:18:05.044 DEBUG [headers]  http-outgoing-0 << Transfer-Encoding: chunked
12:18:05.044 DEBUG [headers]  http-outgoing-0 << Access-Control-Allow-Credentials: true
12:18:05.044 DEBUG [headers]  http-outgoing-0 << Access-Control-Allow-Origin: 
12:18:05.044 DEBUG [headers]  http-outgoing-0 << Access-Control-Allow-Headers: Content-Type, Access-Control-Allow-Headers, Authorization, X-Requested-With
12:18:05.050 DEBUG [MainClientExec]  Connection can be kept alive indefinitely
12:18:05.059 DEBUG [PoolingHttpClientConnectionManager]  Connection [id: 0][route: {}->http://node.ambisafe.co:80] can be kept alive indefinitely
12:18:05.059 DEBUG [PoolingHttpClientConnectionManager]  Connection released: [id: 0][route: {}->http://node.ambisafe.co:80][total kept alive: 1; route allocated: 1 of 2; total allocated: 1 of 20]
12:29:49.164 DEBUG [RequestAddCookies]  CookieSpec selected: default
12:29:49.175 DEBUG [RequestAuthCache]  Auth cache not set in the context
12:29:49.178 DEBUG [PoolingHttpClientConnectionManager]  Connection request: [route: {}->http://node.ambisafe.co:80][total kept alive: 0; route allocated: 0 of 2; total allocated: 0 of 20]
12:29:49.198 DEBUG [PoolingHttpClientConnectionManager]  Connection leased: [id: 0][route: {}->http://node.ambisafe.co:80][total kept alive: 0; route allocated: 1 of 2; total allocated: 1 of 20]
12:29:49.201 DEBUG [MainClientExec]  Opening connection {}->http://node.ambisafe.co:80
12:29:49.239 DEBUG [DefaultHttpClientConnectionOperator]  Connecting to node.ambisafe.co/104.197.76.247:80
12:29:49.458 DEBUG [DefaultHttpClientConnectionOperator]  Connection established 192.168.0.105:57212<->104.197.76.247:80
12:29:49.459 DEBUG [MainClientExec]  Executing request POST / HTTP/1.1
12:29:49.459 DEBUG [MainClientExec]  Target auth state: UNCHALLENGED
12:29:49.460 DEBUG [MainClientExec]  Proxy auth state: UNCHALLENGED
12:29:49.464 DEBUG [headers]  http-outgoing-0 >> POST / HTTP/1.1
12:29:49.464 DEBUG [headers]  http-outgoing-0 >> Content-Length: 115
12:29:49.464 DEBUG [headers]  http-outgoing-0 >> Content-Type: application/json
12:29:49.464 DEBUG [headers]  http-outgoing-0 >> Host: node.ambisafe.co
12:29:49.464 DEBUG [headers]  http-outgoing-0 >> Connection: Keep-Alive
12:29:49.464 DEBUG [headers]  http-outgoing-0 >> User-Agent: Apache-HttpClient/4.5.2 (Java/1.8.0_111)
12:29:49.464 DEBUG [headers]  http-outgoing-0 >> Accept-Encoding: gzip,deflate
12:29:49.465 DEBUG [wire]  http-outgoing-0 >> "POST / HTTP/1.1[\r][\n]"
12:29:49.465 DEBUG [wire]  http-outgoing-0 >> "Content-Length: 115[\r][\n]"
12:29:49.466 DEBUG [wire]  http-outgoing-0 >> "Content-Type: application/json[\r][\n]"
12:29:49.466 DEBUG [wire]  http-outgoing-0 >> "Host: node.ambisafe.co[\r][\n]"
12:29:49.466 DEBUG [wire]  http-outgoing-0 >> "Connection: Keep-Alive[\r][\n]"
12:29:49.467 DEBUG [wire]  http-outgoing-0 >> "User-Agent: Apache-HttpClient/4.5.2 (Java/1.8.0_111)[\r][\n]"
12:29:49.467 DEBUG [wire]  http-outgoing-0 >> "Accept-Encoding: gzip,deflate[\r][\n]"
12:29:49.467 DEBUG [wire]  http-outgoing-0 >> "[\r][\n]"
12:29:49.467 DEBUG [wire]  http-outgoing-0 >> "{"method":"eth_getTransactionCount","id":1,"jsonrpc":"2.0","params":["0xa085e2f5b4d6e8e611853ad585a1b6c444116ce2"]}"
12:29:49.670 DEBUG [wire]  http-outgoing-0 << "HTTP/1.1 200 OK[\r][\n]"
12:29:49.670 DEBUG [wire]  http-outgoing-0 << "Content-Type: application/json[\r][\n]"
12:29:49.670 DEBUG [wire]  http-outgoing-0 << "Allow: OPTIONS, POST[\r][\n]"
12:29:49.670 DEBUG [wire]  http-outgoing-0 << "Date: Wed, 09 Nov 2016 10:29:49 GMT[\r][\n]"
12:29:49.670 DEBUG [wire]  http-outgoing-0 << "Transfer-Encoding: chunked[\r][\n]"
12:29:49.671 DEBUG [wire]  http-outgoing-0 << "Access-Control-Allow-Credentials: true[\r][\n]"
12:29:49.671 DEBUG [wire]  http-outgoing-0 << "Access-Control-Allow-Origin: [\r][\n]"
12:29:49.674 DEBUG [wire]  http-outgoing-0 << "Access-Control-Allow-Headers: Content-Type, Access-Control-Allow-Headers, Authorization, X-Requested-With[\r][\n]"
12:29:49.674 DEBUG [wire]  http-outgoing-0 << "[\r][\n]"
12:29:49.686 DEBUG [wire]  http-outgoing-0 << "28[\r][\n]"
12:29:49.686 DEBUG [wire]  http-outgoing-0 << "{"jsonrpc":"2.0","result":"0x05","id":1}[\r][\n]"
12:29:49.686 DEBUG [wire]  http-outgoing-0 << "0[\r][\n]"
12:29:49.690 DEBUG [wire]  http-outgoing-0 << "[\r][\n]"
12:29:49.711 DEBUG [headers]  http-outgoing-0 << HTTP/1.1 200 OK
12:29:49.712 DEBUG [headers]  http-outgoing-0 << Content-Type: application/json
12:29:49.712 DEBUG [headers]  http-outgoing-0 << Allow: OPTIONS, POST
12:29:49.712 DEBUG [headers]  http-outgoing-0 << Date: Wed, 09 Nov 2016 10:29:49 GMT
12:29:49.712 DEBUG [headers]  http-outgoing-0 << Transfer-Encoding: chunked
12:29:49.712 DEBUG [headers]  http-outgoing-0 << Access-Control-Allow-Credentials: true
12:29:49.712 DEBUG [headers]  http-outgoing-0 << Access-Control-Allow-Origin: 
12:29:49.713 DEBUG [headers]  http-outgoing-0 << Access-Control-Allow-Headers: Content-Type, Access-Control-Allow-Headers, Authorization, X-Requested-With
12:29:49.733 DEBUG [MainClientExec]  Connection can be kept alive indefinitely
12:29:49.738 DEBUG [PoolingHttpClientConnectionManager]  Connection [id: 0][route: {}->http://node.ambisafe.co:80] can be kept alive indefinitely
12:29:49.739 DEBUG [PoolingHttpClientConnectionManager]  Connection released: [id: 0][route: {}->http://node.ambisafe.co:80][total kept alive: 1; route allocated: 1 of 2; total allocated: 1 of 20]
12:30:30.901 DEBUG [RequestAddCookies]  CookieSpec selected: default
12:30:30.915 DEBUG [RequestAuthCache]  Auth cache not set in the context
12:30:30.917 DEBUG [PoolingHttpClientConnectionManager]  Connection request: [route: {}->http://node.ambisafe.co:80][total kept alive: 0; route allocated: 0 of 2; total allocated: 0 of 20]
12:30:30.936 DEBUG [PoolingHttpClientConnectionManager]  Connection leased: [id: 0][route: {}->http://node.ambisafe.co:80][total kept alive: 0; route allocated: 1 of 2; total allocated: 1 of 20]
12:30:30.938 DEBUG [MainClientExec]  Opening connection {}->http://node.ambisafe.co:80
12:30:30.946 DEBUG [DefaultHttpClientConnectionOperator]  Connecting to node.ambisafe.co/104.197.76.247:80
12:30:31.136 DEBUG [DefaultHttpClientConnectionOperator]  Connection established 192.168.0.105:57222<->104.197.76.247:80
12:30:31.136 DEBUG [MainClientExec]  Executing request POST / HTTP/1.1
12:30:31.137 DEBUG [MainClientExec]  Target auth state: UNCHALLENGED
12:30:31.138 DEBUG [MainClientExec]  Proxy auth state: UNCHALLENGED
12:30:31.141 DEBUG [headers]  http-outgoing-0 >> POST / HTTP/1.1
12:30:31.142 DEBUG [headers]  http-outgoing-0 >> Content-Length: 113
12:30:31.142 DEBUG [headers]  http-outgoing-0 >> Content-Type: application/json
12:30:31.142 DEBUG [headers]  http-outgoing-0 >> Host: node.ambisafe.co
12:30:31.142 DEBUG [headers]  http-outgoing-0 >> Connection: Keep-Alive
12:30:31.142 DEBUG [headers]  http-outgoing-0 >> User-Agent: Apache-HttpClient/4.5.2 (Java/1.8.0_111)
12:30:31.143 DEBUG [headers]  http-outgoing-0 >> Accept-Encoding: gzip,deflate
12:30:31.144 DEBUG [wire]  http-outgoing-0 >> "POST / HTTP/1.1[\r][\n]"
12:30:31.144 DEBUG [wire]  http-outgoing-0 >> "Content-Length: 113[\r][\n]"
12:30:31.144 DEBUG [wire]  http-outgoing-0 >> "Content-Type: application/json[\r][\n]"
12:30:31.144 DEBUG [wire]  http-outgoing-0 >> "Host: node.ambisafe.co[\r][\n]"
12:30:31.144 DEBUG [wire]  http-outgoing-0 >> "Connection: Keep-Alive[\r][\n]"
12:30:31.145 DEBUG [wire]  http-outgoing-0 >> "User-Agent: Apache-HttpClient/4.5.2 (Java/1.8.0_111)[\r][\n]"
12:30:31.145 DEBUG [wire]  http-outgoing-0 >> "Accept-Encoding: gzip,deflate[\r][\n]"
12:30:31.145 DEBUG [wire]  http-outgoing-0 >> "[\r][\n]"
12:30:31.145 DEBUG [wire]  http-outgoing-0 >> "{"method":"eth_getTransactionCount","id":1,"jsonrpc":"2.0","params":["a085e2f5b4d6e8e611853ad585a1b6c444116ce2"]}"
12:30:31.341 DEBUG [wire]  http-outgoing-0 << "HTTP/1.1 200 OK[\r][\n]"
12:30:31.341 DEBUG [wire]  http-outgoing-0 << "Content-Type: application/json[\r][\n]"
12:30:31.341 DEBUG [wire]  http-outgoing-0 << "Allow: OPTIONS, POST[\r][\n]"
12:30:31.341 DEBUG [wire]  http-outgoing-0 << "Date: Wed, 09 Nov 2016 10:30:31 GMT[\r][\n]"
12:30:31.341 DEBUG [wire]  http-outgoing-0 << "Transfer-Encoding: chunked[\r][\n]"
12:30:31.341 DEBUG [wire]  http-outgoing-0 << "Access-Control-Allow-Credentials: true[\r][\n]"
12:30:31.341 DEBUG [wire]  http-outgoing-0 << "Access-Control-Allow-Origin: [\r][\n]"
12:30:31.341 DEBUG [wire]  http-outgoing-0 << "Access-Control-Allow-Headers: Content-Type, Access-Control-Allow-Headers, Authorization, X-Requested-With[\r][\n]"
12:30:31.341 DEBUG [wire]  http-outgoing-0 << "[\r][\n]"
12:30:31.341 DEBUG [wire]  http-outgoing-0 << "57[\r][\n]"
12:30:31.342 DEBUG [wire]  http-outgoing-0 << "{"jsonrpc":"2.0","error":{"code":-32602,"message":"Invalid params","data":null},"id":1}[\r][\n]"
12:30:31.349 DEBUG [wire]  http-outgoing-0 << "0[\r][\n]"
12:30:31.350 DEBUG [wire]  http-outgoing-0 << "[\r][\n]"
12:30:31.353 DEBUG [headers]  http-outgoing-0 << HTTP/1.1 200 OK
12:30:31.354 DEBUG [headers]  http-outgoing-0 << Content-Type: application/json
12:30:31.354 DEBUG [headers]  http-outgoing-0 << Allow: OPTIONS, POST
12:30:31.354 DEBUG [headers]  http-outgoing-0 << Date: Wed, 09 Nov 2016 10:30:31 GMT
12:30:31.354 DEBUG [headers]  http-outgoing-0 << Transfer-Encoding: chunked
12:30:31.355 DEBUG [headers]  http-outgoing-0 << Access-Control-Allow-Credentials: true
12:30:31.355 DEBUG [headers]  http-outgoing-0 << Access-Control-Allow-Origin: 
12:30:31.355 DEBUG [headers]  http-outgoing-0 << Access-Control-Allow-Headers: Content-Type, Access-Control-Allow-Headers, Authorization, X-Requested-With
12:30:31.364 DEBUG [MainClientExec]  Connection can be kept alive indefinitely
12:30:31.370 DEBUG [PoolingHttpClientConnectionManager]  Connection [id: 0][route: {}->http://node.ambisafe.co:80] can be kept alive indefinitely
12:30:31.371 DEBUG [PoolingHttpClientConnectionManager]  Connection released: [id: 0][route: {}->http://node.ambisafe.co:80][total kept alive: 1; route allocated: 1 of 2; total allocated: 1 of 20]
12:32:57.498 DEBUG [RequestAddCookies]  CookieSpec selected: default
12:32:57.509 DEBUG [RequestAuthCache]  Auth cache not set in the context
12:32:57.511 DEBUG [PoolingHttpClientConnectionManager]  Connection request: [route: {}->http://node.ambisafe.co:80][total kept alive: 0; route allocated: 0 of 2; total allocated: 0 of 20]
12:32:57.531 DEBUG [PoolingHttpClientConnectionManager]  Connection leased: [id: 0][route: {}->http://node.ambisafe.co:80][total kept alive: 0; route allocated: 1 of 2; total allocated: 1 of 20]
12:32:57.533 DEBUG [MainClientExec]  Opening connection {}->http://node.ambisafe.co:80
12:32:57.541 DEBUG [DefaultHttpClientConnectionOperator]  Connecting to node.ambisafe.co/104.197.76.247:80
12:32:57.690 DEBUG [DefaultHttpClientConnectionOperator]  Connection established 192.168.0.105:57238<->104.197.76.247:80
12:32:57.691 DEBUG [MainClientExec]  Executing request POST / HTTP/1.1
12:32:57.691 DEBUG [MainClientExec]  Target auth state: UNCHALLENGED
12:32:57.692 DEBUG [MainClientExec]  Proxy auth state: UNCHALLENGED
12:32:57.698 DEBUG [headers]  http-outgoing-0 >> POST / HTTP/1.1
12:32:57.698 DEBUG [headers]  http-outgoing-0 >> Content-Length: 115
12:32:57.698 DEBUG [headers]  http-outgoing-0 >> Content-Type: application/json
12:32:57.698 DEBUG [headers]  http-outgoing-0 >> Host: node.ambisafe.co
12:32:57.698 DEBUG [headers]  http-outgoing-0 >> Connection: Keep-Alive
12:32:57.698 DEBUG [headers]  http-outgoing-0 >> User-Agent: Apache-HttpClient/4.5.2 (Java/1.8.0_111)
12:32:57.699 DEBUG [headers]  http-outgoing-0 >> Accept-Encoding: gzip,deflate
12:32:57.699 DEBUG [wire]  http-outgoing-0 >> "POST / HTTP/1.1[\r][\n]"
12:32:57.699 DEBUG [wire]  http-outgoing-0 >> "Content-Length: 115[\r][\n]"
12:32:57.699 DEBUG [wire]  http-outgoing-0 >> "Content-Type: application/json[\r][\n]"
12:32:57.699 DEBUG [wire]  http-outgoing-0 >> "Host: node.ambisafe.co[\r][\n]"
12:32:57.699 DEBUG [wire]  http-outgoing-0 >> "Connection: Keep-Alive[\r][\n]"
12:32:57.700 DEBUG [wire]  http-outgoing-0 >> "User-Agent: Apache-HttpClient/4.5.2 (Java/1.8.0_111)[\r][\n]"
12:32:57.700 DEBUG [wire]  http-outgoing-0 >> "Accept-Encoding: gzip,deflate[\r][\n]"
12:32:57.701 DEBUG [wire]  http-outgoing-0 >> "[\r][\n]"
12:32:57.701 DEBUG [wire]  http-outgoing-0 >> "{"method":"eth_getTransactionCount","id":1,"jsonrpc":"2.0","params":["0xa085e2f5b4d6e8e611853ad585a1b6c444116ce2"]}"
12:32:57.877 DEBUG [wire]  http-outgoing-0 << "HTTP/1.1 200 OK[\r][\n]"
12:32:57.877 DEBUG [wire]  http-outgoing-0 << "Content-Type: application/json[\r][\n]"
12:32:57.878 DEBUG [wire]  http-outgoing-0 << "Allow: OPTIONS, POST[\r][\n]"
12:32:57.878 DEBUG [wire]  http-outgoing-0 << "Date: Wed, 09 Nov 2016 10:32:57 GMT[\r][\n]"
12:32:57.878 DEBUG [wire]  http-outgoing-0 << "Transfer-Encoding: chunked[\r][\n]"
12:32:57.878 DEBUG [wire]  http-outgoing-0 << "Access-Control-Allow-Credentials: true[\r][\n]"
12:32:57.878 DEBUG [wire]  http-outgoing-0 << "Access-Control-Allow-Origin: [\r][\n]"
12:32:57.878 DEBUG [wire]  http-outgoing-0 << "Access-Control-Allow-Headers: Content-Type, Access-Control-Allow-Headers, Authorization, X-Requested-With[\r][\n]"
12:32:57.878 DEBUG [wire]  http-outgoing-0 << "[\r][\n]"
12:32:57.887 DEBUG [wire]  http-outgoing-0 << "28[\r][\n]"
12:32:57.890 DEBUG [wire]  http-outgoing-0 << "{"jsonrpc":"2.0","result":"0x05","id":1}[\r][\n]"
12:32:57.890 DEBUG [wire]  http-outgoing-0 << "0[\r][\n]"
12:32:57.891 DEBUG [wire]  http-outgoing-0 << "[\r][\n]"
12:32:57.897 DEBUG [headers]  http-outgoing-0 << HTTP/1.1 200 OK
12:32:57.897 DEBUG [headers]  http-outgoing-0 << Content-Type: application/json
12:32:57.897 DEBUG [headers]  http-outgoing-0 << Allow: OPTIONS, POST
12:32:57.898 DEBUG [headers]  http-outgoing-0 << Date: Wed, 09 Nov 2016 10:32:57 GMT
12:32:57.898 DEBUG [headers]  http-outgoing-0 << Transfer-Encoding: chunked
12:32:57.898 DEBUG [headers]  http-outgoing-0 << Access-Control-Allow-Credentials: true
12:32:57.898 DEBUG [headers]  http-outgoing-0 << Access-Control-Allow-Origin: 
12:32:57.898 DEBUG [headers]  http-outgoing-0 << Access-Control-Allow-Headers: Content-Type, Access-Control-Allow-Headers, Authorization, X-Requested-With
12:32:57.906 DEBUG [MainClientExec]  Connection can be kept alive indefinitely
12:32:57.911 DEBUG [PoolingHttpClientConnectionManager]  Connection [id: 0][route: {}->http://node.ambisafe.co:80] can be kept alive indefinitely
12:32:57.912 DEBUG [PoolingHttpClientConnectionManager]  Connection released: [id: 0][route: {}->http://node.ambisafe.co:80][total kept alive: 1; route allocated: 1 of 2; total allocated: 1 of 20]
12:33:09.216 DEBUG [RequestAddCookies]  CookieSpec selected: default
12:33:09.229 DEBUG [RequestAuthCache]  Auth cache not set in the context
12:33:09.232 DEBUG [PoolingHttpClientConnectionManager]  Connection request: [route: {}->http://node.ambisafe.co:80][total kept alive: 0; route allocated: 0 of 2; total allocated: 0 of 20]
12:33:09.252 DEBUG [PoolingHttpClientConnectionManager]  Connection leased: [id: 0][route: {}->http://node.ambisafe.co:80][total kept alive: 0; route allocated: 1 of 2; total allocated: 1 of 20]
12:33:09.254 DEBUG [MainClientExec]  Opening connection {}->http://node.ambisafe.co:80
12:33:09.261 DEBUG [DefaultHttpClientConnectionOperator]  Connecting to node.ambisafe.co/104.197.76.247:80
12:33:09.449 DEBUG [DefaultHttpClientConnectionOperator]  Connection established 192.168.0.105:57242<->104.197.76.247:80
12:33:09.450 DEBUG [MainClientExec]  Executing request POST / HTTP/1.1
12:33:09.450 DEBUG [MainClientExec]  Target auth state: UNCHALLENGED
12:33:09.450 DEBUG [MainClientExec]  Proxy auth state: UNCHALLENGED
12:33:09.455 DEBUG [headers]  http-outgoing-0 >> POST / HTTP/1.1
12:33:09.455 DEBUG [headers]  http-outgoing-0 >> Content-Length: 113
12:33:09.456 DEBUG [headers]  http-outgoing-0 >> Content-Type: application/json
12:33:09.456 DEBUG [headers]  http-outgoing-0 >> Host: node.ambisafe.co
12:33:09.456 DEBUG [headers]  http-outgoing-0 >> Connection: Keep-Alive
12:33:09.456 DEBUG [headers]  http-outgoing-0 >> User-Agent: Apache-HttpClient/4.5.2 (Java/1.8.0_111)
12:33:09.456 DEBUG [headers]  http-outgoing-0 >> Accept-Encoding: gzip,deflate
12:33:09.456 DEBUG [wire]  http-outgoing-0 >> "POST / HTTP/1.1[\r][\n]"
12:33:09.457 DEBUG [wire]  http-outgoing-0 >> "Content-Length: 113[\r][\n]"
12:33:09.458 DEBUG [wire]  http-outgoing-0 >> "Content-Type: application/json[\r][\n]"
12:33:09.458 DEBUG [wire]  http-outgoing-0 >> "Host: node.ambisafe.co[\r][\n]"
12:33:09.458 DEBUG [wire]  http-outgoing-0 >> "Connection: Keep-Alive[\r][\n]"
12:33:09.458 DEBUG [wire]  http-outgoing-0 >> "User-Agent: Apache-HttpClient/4.5.2 (Java/1.8.0_111)[\r][\n]"
12:33:09.458 DEBUG [wire]  http-outgoing-0 >> "Accept-Encoding: gzip,deflate[\r][\n]"
12:33:09.458 DEBUG [wire]  http-outgoing-0 >> "[\r][\n]"
12:33:09.458 DEBUG [wire]  http-outgoing-0 >> "{"method":"eth_getTransactionCount","id":1,"jsonrpc":"2.0","params":["a085e2f5b4d6e8e611853ad585a1b6c444116ce2"]}"
12:33:09.604 DEBUG [wire]  http-outgoing-0 << "HTTP/1.1 200 OK[\r][\n]"
12:33:09.604 DEBUG [wire]  http-outgoing-0 << "Content-Type: application/json[\r][\n]"
12:33:09.604 DEBUG [wire]  http-outgoing-0 << "Allow: OPTIONS, POST[\r][\n]"
12:33:09.604 DEBUG [wire]  http-outgoing-0 << "Date: Wed, 09 Nov 2016 10:33:09 GMT[\r][\n]"
12:33:09.604 DEBUG [wire]  http-outgoing-0 << "Transfer-Encoding: chunked[\r][\n]"
12:33:09.604 DEBUG [wire]  http-outgoing-0 << "Access-Control-Allow-Credentials: true[\r][\n]"
12:33:09.604 DEBUG [wire]  http-outgoing-0 << "Access-Control-Allow-Origin: [\r][\n]"
12:33:09.605 DEBUG [wire]  http-outgoing-0 << "Access-Control-Allow-Headers: Content-Type, Access-Control-Allow-Headers, Authorization, X-Requested-With[\r][\n]"
12:33:09.605 DEBUG [wire]  http-outgoing-0 << "[\r][\n]"
12:33:09.605 DEBUG [wire]  http-outgoing-0 << "57[\r][\n]"
12:33:09.605 DEBUG [wire]  http-outgoing-0 << "{"jsonrpc":"2.0","error":{"code":-32602,"message":"Invalid params","data":null},"id":1}[\r][\n]"
12:33:09.605 DEBUG [wire]  http-outgoing-0 << "0[\r][\n]"
12:33:09.605 DEBUG [wire]  http-outgoing-0 << "[\r][\n]"
12:33:09.615 DEBUG [headers]  http-outgoing-0 << HTTP/1.1 200 OK
12:33:09.616 DEBUG [headers]  http-outgoing-0 << Content-Type: application/json
12:33:09.616 DEBUG [headers]  http-outgoing-0 << Allow: OPTIONS, POST
12:33:09.616 DEBUG [headers]  http-outgoing-0 << Date: Wed, 09 Nov 2016 10:33:09 GMT
12:33:09.616 DEBUG [headers]  http-outgoing-0 << Transfer-Encoding: chunked
12:33:09.616 DEBUG [headers]  http-outgoing-0 << Access-Control-Allow-Credentials: true
12:33:09.617 DEBUG [headers]  http-outgoing-0 << Access-Control-Allow-Origin: 
12:33:09.617 DEBUG [headers]  http-outgoing-0 << Access-Control-Allow-Headers: Content-Type, Access-Control-Allow-Headers, Authorization, X-Requested-With
12:33:09.630 DEBUG [MainClientExec]  Connection can be kept alive indefinitely
12:33:09.635 DEBUG [PoolingHttpClientConnectionManager]  Connection [id: 0][route: {}->http://node.ambisafe.co:80] can be kept alive indefinitely
12:33:09.635 DEBUG [PoolingHttpClientConnectionManager]  Connection released: [id: 0][route: {}->http://node.ambisafe.co:80][total kept alive: 1; route allocated: 1 of 2; total allocated: 1 of 20]
12:33:29.171 DEBUG [RequestAddCookies]  CookieSpec selected: default
12:33:29.186 DEBUG [RequestAuthCache]  Auth cache not set in the context
12:33:29.189 DEBUG [PoolingHttpClientConnectionManager]  Connection request: [route: {}->http://node.ambisafe.co:80][total kept alive: 0; route allocated: 0 of 2; total allocated: 0 of 20]
12:33:29.206 DEBUG [PoolingHttpClientConnectionManager]  Connection leased: [id: 0][route: {}->http://node.ambisafe.co:80][total kept alive: 0; route allocated: 1 of 2; total allocated: 1 of 20]
12:33:29.208 DEBUG [MainClientExec]  Opening connection {}->http://node.ambisafe.co:80
12:33:29.214 DEBUG [DefaultHttpClientConnectionOperator]  Connecting to node.ambisafe.co/104.197.76.247:80
12:33:29.417 DEBUG [DefaultHttpClientConnectionOperator]  Connection established 192.168.0.105:57246<->104.197.76.247:80
12:33:29.418 DEBUG [MainClientExec]  Executing request POST / HTTP/1.1
12:33:29.418 DEBUG [MainClientExec]  Target auth state: UNCHALLENGED
12:33:29.419 DEBUG [MainClientExec]  Proxy auth state: UNCHALLENGED
12:33:29.425 DEBUG [headers]  http-outgoing-0 >> POST / HTTP/1.1
12:33:29.425 DEBUG [headers]  http-outgoing-0 >> Content-Length: 115
12:33:29.425 DEBUG [headers]  http-outgoing-0 >> Content-Type: application/json
12:33:29.425 DEBUG [headers]  http-outgoing-0 >> Host: node.ambisafe.co
12:33:29.425 DEBUG [headers]  http-outgoing-0 >> Connection: Keep-Alive
12:33:29.425 DEBUG [headers]  http-outgoing-0 >> User-Agent: Apache-HttpClient/4.5.2 (Java/1.8.0_111)
12:33:29.425 DEBUG [headers]  http-outgoing-0 >> Accept-Encoding: gzip,deflate
12:33:29.426 DEBUG [wire]  http-outgoing-0 >> "POST / HTTP/1.1[\r][\n]"
12:33:29.427 DEBUG [wire]  http-outgoing-0 >> "Content-Length: 115[\r][\n]"
12:33:29.428 DEBUG [wire]  http-outgoing-0 >> "Content-Type: application/json[\r][\n]"
12:33:29.428 DEBUG [wire]  http-outgoing-0 >> "Host: node.ambisafe.co[\r][\n]"
12:33:29.428 DEBUG [wire]  http-outgoing-0 >> "Connection: Keep-Alive[\r][\n]"
12:33:29.428 DEBUG [wire]  http-outgoing-0 >> "User-Agent: Apache-HttpClient/4.5.2 (Java/1.8.0_111)[\r][\n]"
12:33:29.428 DEBUG [wire]  http-outgoing-0 >> "Accept-Encoding: gzip,deflate[\r][\n]"
12:33:29.428 DEBUG [wire]  http-outgoing-0 >> "[\r][\n]"
12:33:29.428 DEBUG [wire]  http-outgoing-0 >> "{"method":"eth_getTransactionCount","id":1,"jsonrpc":"2.0","params":["0xa085e2f5b4d6e8e611853ad585a1b6c444116ce2"]}"
12:33:29.623 DEBUG [wire]  http-outgoing-0 << "HTTP/1.1 200 OK[\r][\n]"
12:33:29.623 DEBUG [wire]  http-outgoing-0 << "Content-Type: application/json[\r][\n]"
12:33:29.623 DEBUG [wire]  http-outgoing-0 << "Allow: OPTIONS, POST[\r][\n]"
12:33:29.623 DEBUG [wire]  http-outgoing-0 << "Date: Wed, 09 Nov 2016 10:33:29 GMT[\r][\n]"
12:33:29.623 DEBUG [wire]  http-outgoing-0 << "Transfer-Encoding: chunked[\r][\n]"
12:33:29.623 DEBUG [wire]  http-outgoing-0 << "Access-Control-Allow-Credentials: true[\r][\n]"
12:33:29.623 DEBUG [wire]  http-outgoing-0 << "Access-Control-Allow-Origin: [\r][\n]"
12:33:29.623 DEBUG [wire]  http-outgoing-0 << "Access-Control-Allow-Headers: Content-Type, Access-Control-Allow-Headers, Authorization, X-Requested-With[\r][\n]"
12:33:29.624 DEBUG [wire]  http-outgoing-0 << "[\r][\n]"
12:33:29.631 DEBUG [wire]  http-outgoing-0 << "28[\r][\n]"
12:33:29.631 DEBUG [wire]  http-outgoing-0 << "{"jsonrpc":"2.0","result":"0x05","id":1}[\r][\n]"
12:33:29.632 DEBUG [wire]  http-outgoing-0 << "0[\r][\n]"
12:33:29.632 DEBUG [wire]  http-outgoing-0 << "[\r][\n]"
12:33:29.635 DEBUG [headers]  http-outgoing-0 << HTTP/1.1 200 OK
12:33:29.635 DEBUG [headers]  http-outgoing-0 << Content-Type: application/json
12:33:29.635 DEBUG [headers]  http-outgoing-0 << Allow: OPTIONS, POST
12:33:29.635 DEBUG [headers]  http-outgoing-0 << Date: Wed, 09 Nov 2016 10:33:29 GMT
12:33:29.636 DEBUG [headers]  http-outgoing-0 << Transfer-Encoding: chunked
12:33:29.636 DEBUG [headers]  http-outgoing-0 << Access-Control-Allow-Credentials: true
12:33:29.636 DEBUG [headers]  http-outgoing-0 << Access-Control-Allow-Origin: 
12:33:29.636 DEBUG [headers]  http-outgoing-0 << Access-Control-Allow-Headers: Content-Type, Access-Control-Allow-Headers, Authorization, X-Requested-With
12:33:29.658 DEBUG [MainClientExec]  Connection can be kept alive indefinitely
12:33:29.663 DEBUG [PoolingHttpClientConnectionManager]  Connection [id: 0][route: {}->http://node.ambisafe.co:80] can be kept alive indefinitely
12:33:29.664 DEBUG [PoolingHttpClientConnectionManager]  Connection released: [id: 0][route: {}->http://node.ambisafe.co:80][total kept alive: 1; route allocated: 1 of 2; total allocated: 1 of 20]
12:56:56.963 DEBUG [RequestAddCookies]  CookieSpec selected: default
12:56:56.975 DEBUG [RequestAuthCache]  Auth cache not set in the context
12:56:56.978 DEBUG [PoolingHttpClientConnectionManager]  Connection request: [route: {}->http://node.ambisafe.co:80][total kept alive: 0; route allocated: 0 of 2; total allocated: 0 of 20]
12:56:56.992 DEBUG [PoolingHttpClientConnectionManager]  Connection leased: [id: 0][route: {}->http://node.ambisafe.co:80][total kept alive: 0; route allocated: 1 of 2; total allocated: 1 of 20]
12:56:56.994 DEBUG [MainClientExec]  Opening connection {}->http://node.ambisafe.co:80
12:56:57.005 DEBUG [DefaultHttpClientConnectionOperator]  Connecting to node.ambisafe.co/104.197.76.247:80
12:56:57.241 DEBUG [DefaultHttpClientConnectionOperator]  Connection established 192.168.0.105:57362<->104.197.76.247:80
12:56:57.241 DEBUG [MainClientExec]  Executing request POST / HTTP/1.1
12:56:57.241 DEBUG [MainClientExec]  Target auth state: UNCHALLENGED
12:56:57.242 DEBUG [MainClientExec]  Proxy auth state: UNCHALLENGED
12:56:57.245 DEBUG [headers]  http-outgoing-0 >> POST / HTTP/1.1
12:56:57.245 DEBUG [headers]  http-outgoing-0 >> Content-Length: 255
12:56:57.245 DEBUG [headers]  http-outgoing-0 >> Content-Type: application/json
12:56:57.245 DEBUG [headers]  http-outgoing-0 >> Host: node.ambisafe.co
12:56:57.245 DEBUG [headers]  http-outgoing-0 >> Connection: Keep-Alive
12:56:57.245 DEBUG [headers]  http-outgoing-0 >> User-Agent: Apache-HttpClient/4.5.2 (Java/1.8.0_111)
12:56:57.246 DEBUG [headers]  http-outgoing-0 >> Accept-Encoding: gzip,deflate
12:56:57.247 DEBUG [wire]  http-outgoing-0 >> "POST / HTTP/1.1[\r][\n]"
12:56:57.247 DEBUG [wire]  http-outgoing-0 >> "Content-Length: 255[\r][\n]"
12:56:57.247 DEBUG [wire]  http-outgoing-0 >> "Content-Type: application/json[\r][\n]"
12:56:57.247 DEBUG [wire]  http-outgoing-0 >> "Host: node.ambisafe.co[\r][\n]"
12:56:57.247 DEBUG [wire]  http-outgoing-0 >> "Connection: Keep-Alive[\r][\n]"
12:56:57.247 DEBUG [wire]  http-outgoing-0 >> "User-Agent: Apache-HttpClient/4.5.2 (Java/1.8.0_111)[\r][\n]"
12:56:57.247 DEBUG [wire]  http-outgoing-0 >> "Accept-Encoding: gzip,deflate[\r][\n]"
12:56:57.247 DEBUG [wire]  http-outgoing-0 >> "[\r][\n]"
12:56:57.253 DEBUG [wire]  http-outgoing-0 >> "{"method":"eth_call","id":1,"jsonrpc":"2.0","params":[{"data":"0x4d30b6be000000000000000000000000a085e2f5b4d6e8e611853ad585a1b6c444116ce24343000000000000000000000000000000000000000000000000000000000000","to":"0x68c769478002b2e2db64fe3be55c943fe4fbd6b1"}]}"
12:56:57.444 DEBUG [wire]  http-outgoing-0 << "HTTP/1.1 200 OK[\r][\n]"
12:56:57.445 DEBUG [wire]  http-outgoing-0 << "Content-Type: application/json[\r][\n]"
12:56:57.445 DEBUG [wire]  http-outgoing-0 << "Allow: OPTIONS, POST[\r][\n]"
12:56:57.445 DEBUG [wire]  http-outgoing-0 << "Date: Wed, 09 Nov 2016 10:56:57 GMT[\r][\n]"
12:56:57.445 DEBUG [wire]  http-outgoing-0 << "Transfer-Encoding: chunked[\r][\n]"
12:56:57.445 DEBUG [wire]  http-outgoing-0 << "Access-Control-Allow-Credentials: true[\r][\n]"
12:56:57.445 DEBUG [wire]  http-outgoing-0 << "Access-Control-Allow-Origin: [\r][\n]"
12:56:57.445 DEBUG [wire]  http-outgoing-0 << "Access-Control-Allow-Headers: Content-Type, Access-Control-Allow-Headers, Authorization, X-Requested-With[\r][\n]"
12:56:57.445 DEBUG [wire]  http-outgoing-0 << "[\r][\n]"
12:56:57.453 DEBUG [wire]  http-outgoing-0 << "66[\r][\n]"
12:56:57.454 DEBUG [wire]  http-outgoing-0 << "{"jsonrpc":"2.0","result":"0x0000000000000000000000000000000000000000000000000000000000030570","id":1}[\r][\n]"
12:56:57.454 DEBUG [wire]  http-outgoing-0 << "0[\r][\n]"
12:56:57.454 DEBUG [wire]  http-outgoing-0 << "[\r][\n]"
12:56:57.459 DEBUG [headers]  http-outgoing-0 << HTTP/1.1 200 OK
12:56:57.459 DEBUG [headers]  http-outgoing-0 << Content-Type: application/json
12:56:57.459 DEBUG [headers]  http-outgoing-0 << Allow: OPTIONS, POST
12:56:57.468 DEBUG [headers]  http-outgoing-0 << Date: Wed, 09 Nov 2016 10:56:57 GMT
12:56:57.468 DEBUG [headers]  http-outgoing-0 << Transfer-Encoding: chunked
12:56:57.468 DEBUG [headers]  http-outgoing-0 << Access-Control-Allow-Credentials: true
12:56:57.469 DEBUG [headers]  http-outgoing-0 << Access-Control-Allow-Origin: 
12:56:57.469 DEBUG [headers]  http-outgoing-0 << Access-Control-Allow-Headers: Content-Type, Access-Control-Allow-Headers, Authorization, X-Requested-With
12:56:57.478 DEBUG [MainClientExec]  Connection can be kept alive indefinitely
12:56:57.485 DEBUG [PoolingHttpClientConnectionManager]  Connection [id: 0][route: {}->http://node.ambisafe.co:80] can be kept alive indefinitely
12:56:57.486 DEBUG [PoolingHttpClientConnectionManager]  Connection released: [id: 0][route: {}->http://node.ambisafe.co:80][total kept alive: 1; route allocated: 1 of 2; total allocated: 1 of 20]
12:57:33.017 DEBUG [RequestAddCookies]  CookieSpec selected: default
12:57:33.031 DEBUG [RequestAuthCache]  Auth cache not set in the context
12:57:33.034 DEBUG [PoolingHttpClientConnectionManager]  Connection request: [route: {}->http://node.ambisafe.co:80][total kept alive: 0; route allocated: 0 of 2; total allocated: 0 of 20]
12:57:33.053 DEBUG [PoolingHttpClientConnectionManager]  Connection leased: [id: 0][route: {}->http://node.ambisafe.co:80][total kept alive: 0; route allocated: 1 of 2; total allocated: 1 of 20]
12:57:33.055 DEBUG [MainClientExec]  Opening connection {}->http://node.ambisafe.co:80
12:57:33.097 DEBUG [DefaultHttpClientConnectionOperator]  Connecting to node.ambisafe.co/104.197.76.247:80
12:57:33.285 DEBUG [DefaultHttpClientConnectionOperator]  Connection established 192.168.0.105:57366<->104.197.76.247:80
12:57:33.286 DEBUG [MainClientExec]  Executing request POST / HTTP/1.1
12:57:33.286 DEBUG [MainClientExec]  Target auth state: UNCHALLENGED
12:57:33.286 DEBUG [MainClientExec]  Proxy auth state: UNCHALLENGED
12:57:33.290 DEBUG [headers]  http-outgoing-0 >> POST / HTTP/1.1
12:57:33.290 DEBUG [headers]  http-outgoing-0 >> Content-Length: 115
12:57:33.290 DEBUG [headers]  http-outgoing-0 >> Content-Type: application/json
12:57:33.291 DEBUG [headers]  http-outgoing-0 >> Host: node.ambisafe.co
12:57:33.291 DEBUG [headers]  http-outgoing-0 >> Connection: Keep-Alive
12:57:33.291 DEBUG [headers]  http-outgoing-0 >> User-Agent: Apache-HttpClient/4.5.2 (Java/1.8.0_111)
12:57:33.292 DEBUG [headers]  http-outgoing-0 >> Accept-Encoding: gzip,deflate
12:57:33.292 DEBUG [wire]  http-outgoing-0 >> "POST / HTTP/1.1[\r][\n]"
12:57:33.292 DEBUG [wire]  http-outgoing-0 >> "Content-Length: 115[\r][\n]"
12:57:33.292 DEBUG [wire]  http-outgoing-0 >> "Content-Type: application/json[\r][\n]"
12:57:33.292 DEBUG [wire]  http-outgoing-0 >> "Host: node.ambisafe.co[\r][\n]"
12:57:33.292 DEBUG [wire]  http-outgoing-0 >> "Connection: Keep-Alive[\r][\n]"
12:57:33.292 DEBUG [wire]  http-outgoing-0 >> "User-Agent: Apache-HttpClient/4.5.2 (Java/1.8.0_111)[\r][\n]"
12:57:33.292 DEBUG [wire]  http-outgoing-0 >> "Accept-Encoding: gzip,deflate[\r][\n]"
12:57:33.293 DEBUG [wire]  http-outgoing-0 >> "[\r][\n]"
12:57:33.295 DEBUG [wire]  http-outgoing-0 >> "{"method":"eth_getTransactionCount","id":1,"jsonrpc":"2.0","params":["0xa085e2f5b4d6e8e611853ad585a1b6c444116ce2"]}"
12:57:33.592 DEBUG [wire]  http-outgoing-0 << "HTTP/1.1 200 OK[\r][\n]"
12:57:33.592 DEBUG [wire]  http-outgoing-0 << "Content-Type: application/json[\r][\n]"
12:57:33.592 DEBUG [wire]  http-outgoing-0 << "Allow: OPTIONS, POST[\r][\n]"
12:57:33.592 DEBUG [wire]  http-outgoing-0 << "Date: Wed, 09 Nov 2016 10:57:33 GMT[\r][\n]"
12:57:33.593 DEBUG [wire]  http-outgoing-0 << "Transfer-Encoding: chunked[\r][\n]"
12:57:33.593 DEBUG [wire]  http-outgoing-0 << "Access-Control-Allow-Credentials: true[\r][\n]"
12:57:33.593 DEBUG [wire]  http-outgoing-0 << "Access-Control-Allow-Origin: [\r][\n]"
12:57:33.593 DEBUG [wire]  http-outgoing-0 << "Access-Control-Allow-Headers: Content-Type, Access-Control-Allow-Headers, Authorization, X-Requested-With[\r][\n]"
12:57:33.593 DEBUG [wire]  http-outgoing-0 << "[\r][\n]"
12:57:33.593 DEBUG [wire]  http-outgoing-0 << "28[\r][\n]"
12:57:33.593 DEBUG [wire]  http-outgoing-0 << "{"jsonrpc":"2.0","result":"0x05","id":1}[\r][\n]"
12:57:33.593 DEBUG [wire]  http-outgoing-0 << "0[\r][\n]"
12:57:33.600 DEBUG [wire]  http-outgoing-0 << "[\r][\n]"
12:57:33.602 DEBUG [headers]  http-outgoing-0 << HTTP/1.1 200 OK
12:57:33.602 DEBUG [headers]  http-outgoing-0 << Content-Type: application/json
12:57:33.602 DEBUG [headers]  http-outgoing-0 << Allow: OPTIONS, POST
12:57:33.602 DEBUG [headers]  http-outgoing-0 << Date: Wed, 09 Nov 2016 10:57:33 GMT
12:57:33.602 DEBUG [headers]  http-outgoing-0 << Transfer-Encoding: chunked
12:57:33.602 DEBUG [headers]  http-outgoing-0 << Access-Control-Allow-Credentials: true
12:57:33.602 DEBUG [headers]  http-outgoing-0 << Access-Control-Allow-Origin: 
12:57:33.602 DEBUG [headers]  http-outgoing-0 << Access-Control-Allow-Headers: Content-Type, Access-Control-Allow-Headers, Authorization, X-Requested-With
12:57:33.607 DEBUG [MainClientExec]  Connection can be kept alive indefinitely
12:57:33.610 DEBUG [PoolingHttpClientConnectionManager]  Connection [id: 0][route: {}->http://node.ambisafe.co:80] can be kept alive indefinitely
12:57:33.610 DEBUG [PoolingHttpClientConnectionManager]  Connection released: [id: 0][route: {}->http://node.ambisafe.co:80][total kept alive: 1; route allocated: 1 of 2; total allocated: 1 of 20]
12:57:33.635 DEBUG [RequestAddCookies]  CookieSpec selected: default
12:57:33.635 DEBUG [RequestAuthCache]  Auth cache not set in the context
12:57:33.635 DEBUG [PoolingHttpClientConnectionManager]  Connection request: [route: {}->http://node.ambisafe.co:80][total kept alive: 1; route allocated: 1 of 2; total allocated: 1 of 20]
12:57:33.636 DEBUG [PoolingHttpClientConnectionManager]  Connection leased: [id: 0][route: {}->http://node.ambisafe.co:80][total kept alive: 0; route allocated: 1 of 2; total allocated: 1 of 20]
12:57:33.636 DEBUG [MainClientExec]  Executing request POST / HTTP/1.1
12:57:33.636 DEBUG [MainClientExec]  Target auth state: UNCHALLENGED
12:57:33.636 DEBUG [MainClientExec]  Proxy auth state: UNCHALLENGED
12:57:33.636 DEBUG [headers]  http-outgoing-0 >> POST / HTTP/1.1
12:57:33.636 DEBUG [headers]  http-outgoing-0 >> Content-Length: 255
12:57:33.636 DEBUG [headers]  http-outgoing-0 >> Content-Type: application/json
12:57:33.636 DEBUG [headers]  http-outgoing-0 >> Host: node.ambisafe.co
12:57:33.636 DEBUG [headers]  http-outgoing-0 >> Connection: Keep-Alive
12:57:33.636 DEBUG [headers]  http-outgoing-0 >> User-Agent: Apache-HttpClient/4.5.2 (Java/1.8.0_111)
12:57:33.636 DEBUG [headers]  http-outgoing-0 >> Accept-Encoding: gzip,deflate
12:57:33.636 DEBUG [wire]  http-outgoing-0 >> "POST / HTTP/1.1[\r][\n]"
12:57:33.636 DEBUG [wire]  http-outgoing-0 >> "Content-Length: 255[\r][\n]"
12:57:33.636 DEBUG [wire]  http-outgoing-0 >> "Content-Type: application/json[\r][\n]"
12:57:33.636 DEBUG [wire]  http-outgoing-0 >> "Host: node.ambisafe.co[\r][\n]"
12:57:33.636 DEBUG [wire]  http-outgoing-0 >> "Connection: Keep-Alive[\r][\n]"
12:57:33.636 DEBUG [wire]  http-outgoing-0 >> "User-Agent: Apache-HttpClient/4.5.2 (Java/1.8.0_111)[\r][\n]"
12:57:33.637 DEBUG [wire]  http-outgoing-0 >> "Accept-Encoding: gzip,deflate[\r][\n]"
12:57:33.637 DEBUG [wire]  http-outgoing-0 >> "[\r][\n]"
12:57:33.637 DEBUG [wire]  http-outgoing-0 >> "{"method":"eth_call","id":1,"jsonrpc":"2.0","params":[{"data":"0x4d30b6be000000000000000000000000a085e2f5b4d6e8e611853ad585a1b6c444116ce24343000000000000000000000000000000000000000000000000000000000000","to":"0x68c769478002b2e2db64fe3be55c943fe4fbd6b1"}]}"
12:57:33.802 DEBUG [wire]  http-outgoing-0 << "HTTP/1.1 200 OK[\r][\n]"
12:57:33.802 DEBUG [wire]  http-outgoing-0 << "Content-Type: application/json[\r][\n]"
12:57:33.802 DEBUG [wire]  http-outgoing-0 << "Allow: OPTIONS, POST[\r][\n]"
12:57:33.802 DEBUG [wire]  http-outgoing-0 << "Date: Wed, 09 Nov 2016 10:57:33 GMT[\r][\n]"
12:57:33.802 DEBUG [wire]  http-outgoing-0 << "Transfer-Encoding: chunked[\r][\n]"
12:57:33.802 DEBUG [wire]  http-outgoing-0 << "Access-Control-Allow-Credentials: true[\r][\n]"
12:57:33.803 DEBUG [wire]  http-outgoing-0 << "Access-Control-Allow-Origin: [\r][\n]"
12:57:33.803 DEBUG [wire]  http-outgoing-0 << "Access-Control-Allow-Headers: Content-Type, Access-Control-Allow-Headers, Authorization, X-Requested-With[\r][\n]"
12:57:33.803 DEBUG [wire]  http-outgoing-0 << "[\r][\n]"
12:57:33.803 DEBUG [wire]  http-outgoing-0 << "66[\r][\n]"
12:57:33.803 DEBUG [wire]  http-outgoing-0 << "{"jsonrpc":"2.0","result":"0x0000000000000000000000000000000000000000000000000000000000030570","id":1}[\r][\n]"
12:57:33.803 DEBUG [wire]  http-outgoing-0 << "0[\r][\n]"
12:57:33.803 DEBUG [wire]  http-outgoing-0 << "[\r][\n]"
12:57:33.803 DEBUG [headers]  http-outgoing-0 << HTTP/1.1 200 OK
12:57:33.803 DEBUG [headers]  http-outgoing-0 << Content-Type: application/json
12:57:33.803 DEBUG [headers]  http-outgoing-0 << Allow: OPTIONS, POST
12:57:33.803 DEBUG [headers]  http-outgoing-0 << Date: Wed, 09 Nov 2016 10:57:33 GMT
12:57:33.803 DEBUG [headers]  http-outgoing-0 << Transfer-Encoding: chunked
12:57:33.803 DEBUG [headers]  http-outgoing-0 << Access-Control-Allow-Credentials: true
12:57:33.803 DEBUG [headers]  http-outgoing-0 << Access-Control-Allow-Origin: 
12:57:33.803 DEBUG [headers]  http-outgoing-0 << Access-Control-Allow-Headers: Content-Type, Access-Control-Allow-Headers, Authorization, X-Requested-With
12:57:33.803 DEBUG [MainClientExec]  Connection can be kept alive indefinitely
12:57:33.804 DEBUG [PoolingHttpClientConnectionManager]  Connection [id: 0][route: {}->http://node.ambisafe.co:80] can be kept alive indefinitely
12:57:33.804 DEBUG [PoolingHttpClientConnectionManager]  Connection released: [id: 0][route: {}->http://node.ambisafe.co:80][total kept alive: 1; route allocated: 1 of 2; total allocated: 1 of 20]
12:57:43.262 DEBUG [RequestAddCookies]  CookieSpec selected: default
12:57:43.280 DEBUG [RequestAuthCache]  Auth cache not set in the context
12:57:43.283 DEBUG [PoolingHttpClientConnectionManager]  Connection request: [route: {}->http://node.ambisafe.co:80][total kept alive: 0; route allocated: 0 of 2; total allocated: 0 of 20]
12:57:43.299 DEBUG [PoolingHttpClientConnectionManager]  Connection leased: [id: 0][route: {}->http://node.ambisafe.co:80][total kept alive: 0; route allocated: 1 of 2; total allocated: 1 of 20]
12:57:43.301 DEBUG [MainClientExec]  Opening connection {}->http://node.ambisafe.co:80
12:57:43.306 DEBUG [DefaultHttpClientConnectionOperator]  Connecting to node.ambisafe.co/104.197.76.247:80
12:57:43.525 DEBUG [DefaultHttpClientConnectionOperator]  Connection established 192.168.0.105:57370<->104.197.76.247:80
12:57:43.526 DEBUG [MainClientExec]  Executing request POST / HTTP/1.1
12:57:43.526 DEBUG [MainClientExec]  Target auth state: UNCHALLENGED
12:57:43.527 DEBUG [MainClientExec]  Proxy auth state: UNCHALLENGED
12:57:43.530 DEBUG [headers]  http-outgoing-0 >> POST / HTTP/1.1
12:57:43.530 DEBUG [headers]  http-outgoing-0 >> Content-Length: 115
12:57:43.530 DEBUG [headers]  http-outgoing-0 >> Content-Type: application/json
12:57:43.530 DEBUG [headers]  http-outgoing-0 >> Host: node.ambisafe.co
12:57:43.530 DEBUG [headers]  http-outgoing-0 >> Connection: Keep-Alive
12:57:43.530 DEBUG [headers]  http-outgoing-0 >> User-Agent: Apache-HttpClient/4.5.2 (Java/1.8.0_111)
12:57:43.531 DEBUG [headers]  http-outgoing-0 >> Accept-Encoding: gzip,deflate
12:57:43.531 DEBUG [wire]  http-outgoing-0 >> "POST / HTTP/1.1[\r][\n]"
12:57:43.531 DEBUG [wire]  http-outgoing-0 >> "Content-Length: 115[\r][\n]"
12:57:43.531 DEBUG [wire]  http-outgoing-0 >> "Content-Type: application/json[\r][\n]"
12:57:43.531 DEBUG [wire]  http-outgoing-0 >> "Host: node.ambisafe.co[\r][\n]"
12:57:43.531 DEBUG [wire]  http-outgoing-0 >> "Connection: Keep-Alive[\r][\n]"
12:57:43.532 DEBUG [wire]  http-outgoing-0 >> "User-Agent: Apache-HttpClient/4.5.2 (Java/1.8.0_111)[\r][\n]"
12:57:43.532 DEBUG [wire]  http-outgoing-0 >> "Accept-Encoding: gzip,deflate[\r][\n]"
12:57:43.532 DEBUG [wire]  http-outgoing-0 >> "[\r][\n]"
12:57:43.532 DEBUG [wire]  http-outgoing-0 >> "{"method":"eth_getTransactionCount","id":1,"jsonrpc":"2.0","params":["0xa085e2f5b4d6e8e611853ad585a1b6c444116ce2"]}"
12:57:43.736 DEBUG [wire]  http-outgoing-0 << "HTTP/1.1 200 OK[\r][\n]"
12:57:43.736 DEBUG [wire]  http-outgoing-0 << "Content-Type: application/json[\r][\n]"
12:57:43.736 DEBUG [wire]  http-outgoing-0 << "Allow: OPTIONS, POST[\r][\n]"
12:57:43.736 DEBUG [wire]  http-outgoing-0 << "Date: Wed, 09 Nov 2016 10:57:43 GMT[\r][\n]"
12:57:43.736 DEBUG [wire]  http-outgoing-0 << "Transfer-Encoding: chunked[\r][\n]"
12:57:43.736 DEBUG [wire]  http-outgoing-0 << "Access-Control-Allow-Credentials: true[\r][\n]"
12:57:43.737 DEBUG [wire]  http-outgoing-0 << "Access-Control-Allow-Origin: [\r][\n]"
12:57:43.737 DEBUG [wire]  http-outgoing-0 << "Access-Control-Allow-Headers: Content-Type, Access-Control-Allow-Headers, Authorization, X-Requested-With[\r][\n]"
12:57:43.737 DEBUG [wire]  http-outgoing-0 << "[\r][\n]"
12:57:43.737 DEBUG [wire]  http-outgoing-0 << "28[\r][\n]"
12:57:43.737 DEBUG [wire]  http-outgoing-0 << "{"jsonrpc":"2.0","result":"0x05","id":1}[\r][\n]"
12:57:43.737 DEBUG [wire]  http-outgoing-0 << "0[\r][\n]"
12:57:43.746 DEBUG [wire]  http-outgoing-0 << "[\r][\n]"
12:57:43.749 DEBUG [headers]  http-outgoing-0 << HTTP/1.1 200 OK
12:57:43.749 DEBUG [headers]  http-outgoing-0 << Content-Type: application/json
12:57:43.749 DEBUG [headers]  http-outgoing-0 << Allow: OPTIONS, POST
12:57:43.749 DEBUG [headers]  http-outgoing-0 << Date: Wed, 09 Nov 2016 10:57:43 GMT
12:57:43.749 DEBUG [headers]  http-outgoing-0 << Transfer-Encoding: chunked
12:57:43.749 DEBUG [headers]  http-outgoing-0 << Access-Control-Allow-Credentials: true
12:57:43.749 DEBUG [headers]  http-outgoing-0 << Access-Control-Allow-Origin: 
12:57:43.749 DEBUG [headers]  http-outgoing-0 << Access-Control-Allow-Headers: Content-Type, Access-Control-Allow-Headers, Authorization, X-Requested-With
12:57:43.756 DEBUG [MainClientExec]  Connection can be kept alive indefinitely
12:57:43.760 DEBUG [PoolingHttpClientConnectionManager]  Connection [id: 0][route: {}->http://node.ambisafe.co:80] can be kept alive indefinitely
12:57:43.760 DEBUG [PoolingHttpClientConnectionManager]  Connection released: [id: 0][route: {}->http://node.ambisafe.co:80][total kept alive: 1; route allocated: 1 of 2; total allocated: 1 of 20]
12:57:43.798 DEBUG [RequestAddCookies]  CookieSpec selected: default
12:57:43.798 DEBUG [RequestAuthCache]  Auth cache not set in the context
12:57:43.798 DEBUG [PoolingHttpClientConnectionManager]  Connection request: [route: {}->http://node.ambisafe.co:80][total kept alive: 1; route allocated: 1 of 2; total allocated: 1 of 20]
12:57:43.798 DEBUG [PoolingHttpClientConnectionManager]  Connection leased: [id: 0][route: {}->http://node.ambisafe.co:80][total kept alive: 0; route allocated: 1 of 2; total allocated: 1 of 20]
12:57:43.798 DEBUG [MainClientExec]  Executing request POST / HTTP/1.1
12:57:43.798 DEBUG [MainClientExec]  Target auth state: UNCHALLENGED
12:57:43.799 DEBUG [MainClientExec]  Proxy auth state: UNCHALLENGED
12:57:43.799 DEBUG [headers]  http-outgoing-0 >> POST / HTTP/1.1
12:57:43.799 DEBUG [headers]  http-outgoing-0 >> Content-Length: 255
12:57:43.799 DEBUG [headers]  http-outgoing-0 >> Content-Type: application/json
12:57:43.799 DEBUG [headers]  http-outgoing-0 >> Host: node.ambisafe.co
12:57:43.799 DEBUG [headers]  http-outgoing-0 >> Connection: Keep-Alive
12:57:43.799 DEBUG [headers]  http-outgoing-0 >> User-Agent: Apache-HttpClient/4.5.2 (Java/1.8.0_111)
12:57:43.799 DEBUG [headers]  http-outgoing-0 >> Accept-Encoding: gzip,deflate
12:57:43.799 DEBUG [wire]  http-outgoing-0 >> "POST / HTTP/1.1[\r][\n]"
12:57:43.799 DEBUG [wire]  http-outgoing-0 >> "Content-Length: 255[\r][\n]"
12:57:43.799 DEBUG [wire]  http-outgoing-0 >> "Content-Type: application/json[\r][\n]"
12:57:43.800 DEBUG [wire]  http-outgoing-0 >> "Host: node.ambisafe.co[\r][\n]"
12:57:43.800 DEBUG [wire]  http-outgoing-0 >> "Connection: Keep-Alive[\r][\n]"
12:57:43.800 DEBUG [wire]  http-outgoing-0 >> "User-Agent: Apache-HttpClient/4.5.2 (Java/1.8.0_111)[\r][\n]"
12:57:43.800 DEBUG [wire]  http-outgoing-0 >> "Accept-Encoding: gzip,deflate[\r][\n]"
12:57:43.800 DEBUG [wire]  http-outgoing-0 >> "[\r][\n]"
12:57:43.800 DEBUG [wire]  http-outgoing-0 >> "{"method":"eth_call","id":1,"jsonrpc":"2.0","params":[{"data":"0x4d30b6be000000000000000000000000a085e2f5b4d6e8e611853ad585a1b6c444116ce24f44000000000000000000000000000000000000000000000000000000000000","to":"0x68c769478002b2e2db64fe3be55c943fe4fbd6b1"}]}"
12:57:44.037 DEBUG [wire]  http-outgoing-0 << "HTTP/1.1 200 OK[\r][\n]"
12:57:44.037 DEBUG [wire]  http-outgoing-0 << "Content-Type: application/json[\r][\n]"
12:57:44.037 DEBUG [wire]  http-outgoing-0 << "Allow: OPTIONS, POST[\r][\n]"
12:57:44.037 DEBUG [wire]  http-outgoing-0 << "Date: Wed, 09 Nov 2016 10:57:43 GMT[\r][\n]"
12:57:44.037 DEBUG [wire]  http-outgoing-0 << "Transfer-Encoding: chunked[\r][\n]"
12:57:44.037 DEBUG [wire]  http-outgoing-0 << "Access-Control-Allow-Credentials: true[\r][\n]"
12:57:44.038 DEBUG [wire]  http-outgoing-0 << "Access-Control-Allow-Origin: [\r][\n]"
12:57:44.038 DEBUG [wire]  http-outgoing-0 << "Access-Control-Allow-Headers: Content-Type, Access-Control-Allow-Headers, Authorization, X-Requested-With[\r][\n]"
12:57:44.038 DEBUG [wire]  http-outgoing-0 << "[\r][\n]"
12:57:44.038 DEBUG [wire]  http-outgoing-0 << "66[\r][\n]"
12:57:44.038 DEBUG [wire]  http-outgoing-0 << "{"jsonrpc":"2.0","result":"0x0000000000000000000000000000000000000000000000000000000000000000","id":1}[\r][\n]"
12:57:44.038 DEBUG [wire]  http-outgoing-0 << "0[\r][\n]"
12:57:44.038 DEBUG [wire]  http-outgoing-0 << "[\r][\n]"
12:57:44.038 DEBUG [headers]  http-outgoing-0 << HTTP/1.1 200 OK
12:57:44.038 DEBUG [headers]  http-outgoing-0 << Content-Type: application/json
12:57:44.038 DEBUG [headers]  http-outgoing-0 << Allow: OPTIONS, POST
12:57:44.038 DEBUG [headers]  http-outgoing-0 << Date: Wed, 09 Nov 2016 10:57:43 GMT
12:57:44.038 DEBUG [headers]  http-outgoing-0 << Transfer-Encoding: chunked
12:57:44.038 DEBUG [headers]  http-outgoing-0 << Access-Control-Allow-Credentials: true
12:57:44.038 DEBUG [headers]  http-outgoing-0 << Access-Control-Allow-Origin: 
12:57:44.038 DEBUG [headers]  http-outgoing-0 << Access-Control-Allow-Headers: Content-Type, Access-Control-Allow-Headers, Authorization, X-Requested-With
12:57:44.039 DEBUG [MainClientExec]  Connection can be kept alive indefinitely
12:57:44.039 DEBUG [PoolingHttpClientConnectionManager]  Connection [id: 0][route: {}->http://node.ambisafe.co:80] can be kept alive indefinitely
12:57:44.039 DEBUG [PoolingHttpClientConnectionManager]  Connection released: [id: 0][route: {}->http://node.ambisafe.co:80][total kept alive: 1; route allocated: 1 of 2; total allocated: 1 of 20]
